#
# A fatal error has been detected by the Java Runtime Environment:
#
#  SIGSEGV (0xb) at pc=0x0000000103915084, pid=11144, tid=775
#
# JRE version: Java(TM) SE Runtime Environment (9.0+181) (build 9+181)
# Java VM: Java HotSpot(TM) 64-Bit Server VM (9+181, mixed mode, tiered, compressed oops, g1 gc, bsd-amd64)
# Problematic frame:
# V  [libjvm.dylib+0x715084]  JavaThread::set_thread_state(JavaThreadState)+0x4
#
# No core dump will be written. Core dumps have been disabled. To enable core dumping, try "ulimit -c unlimited" before starting Java again
#
# If you would like to submit a bug report, please visit:
#   http://bugreport.java.com/bugreport/crash.jsp
#

---------------  S U M M A R Y ------------

Command Line: -javaagent:/Applications/IntelliJ IDEA.app/Contents/lib/idea_rt.jar=52358:/Applications/IntelliJ IDEA.app/Contents/bin -Dfile.encoding=UTF-8 com.neet.MapViewer.Main.MapMain

Host: MacBookPro13,1 x86_64 2000 MHz, 4 cores, 8G, Darwin 16.7.0
Time: Mon Dec 10 15:23:34 2018 +08 elapsed time: 18 seconds (0d 0h 0m 18s)

---------------  T H R E A D  ---------------

Current thread is native thread

Stack: [0x00007fff5cc28000,0x00007fff5d428000],  sp=0x00007fff5d424430,  free space=8177k
Native frames: (J=compiled Java code, A=aot compiled Java code, j=interpreted, Vv=VM code, C=native code)
V  [libjvm.dylib+0x715084]  JavaThread::set_thread_state(JavaThreadState)+0x4
V  [libjvm.dylib+0x715247]  ThreadStateTransition::transition_from_native(JavaThread*, JavaThreadState)+0x17
V  [libjvm.dylib+0x3d4ff7]  jni_IsSameObject+0x4c
C  [JavaNativeFoundation+0x6e3a]  -[JNFWeakJObjectWrapper _getWithEnv:]+0x26
C  [JavaNativeFoundation+0x6c44]  -[JNFJObjectWrapper jObjectWithEnv:]+0x16
C  [libawt_lwawt.dylib+0x1c0bc]  -[CGLLayer drawInCGLContext:pixelFormat:forLayerTime:displayTime:]+0xa1
C  [QuartzCore+0x113145]  CAOpenGLLayerDraw(CAOpenGLLayer*, double, CVTimeStamp const*, unsigned int)+0x369
C  [QuartzCore+0x112cc3]  -[CAOpenGLLayer _display]+0x15f
C  [QuartzCore+0x126032]  CA::Layer::display_if_needed(CA::Transaction*)+0x23c
C  [QuartzCore+0x12615d]  CA::Layer::layout_and_display_if_needed(CA::Transaction*)+0x23
C  [QuartzCore+0x11b914]  CA::Context::commit_transaction(CA::Transaction*)+0x118
C  [QuartzCore+0x10721]  CA::Transaction::commit()+0x1db
C  [QuartzCore+0x1113c]  CA::Transaction::observer_callback(__CFRunLoopObserver*, unsigned long, void*)+0x6c
C  [CoreFoundation+0xa6c57]  __CFRUNLOOP_IS_CALLING_OUT_TO_AN_OBSERVER_CALLBACK_FUNCTION__+0x17
C  [CoreFoundation+0xa6bc7]  __CFRunLoopDoObservers+0x187
C  [CoreFoundation+0x8774e]  __CFRunLoopRun+0x4be
C  [CoreFoundation+0x87034]  CFRunLoopRunSpecific+0x1a4
C  [java+0x6b2e]  CreateExecutionEnvironment+0x35c
C  [java+0x2c65]  JLI_Launch+0x5a9
C  [java+0x1b62]  main+0x186
C  [java+0x19d4]  start+0x34


siginfo: si_signo: 11 (SIGSEGV), si_code: 1 (SEGV_MAPERR), si_addr: 0x0000000000000290

Register to memory mapping:

RAX=0x000000000000dead is an unknown value
RBX=0x0000000000000000 is an unknown value
RCX=0x0000000103ae80d0: jni_NativeInterface+0 in /Library/Java/JavaVirtualMachines/jdk-9.jdk/Contents/Home/lib/server/libjvm.dylib at 0x0000000103200000
RDX=0x0000000000000000 is an unknown value
RSP=0x00007fff5d424430 is an unknown value
RBP=0x00007fff5d424430 is an unknown value
RSI=0x0000000000000005 is an unknown value
RDI=0x0000000000000000 is an unknown value
R8 =0x0000000000000000 is an unknown value
R9 =0x0000000000000300 is an unknown value
R10=0x000000012c045ee0: OBJC_CLASS_$_JNFWeakJObjectWrapper+0 in /System/Library/Frameworks/JavaVM.framework/Versions/A/Frameworks/JavaNativeFoundation.framework/Versions/A/JavaNativeFoundation at 0x000000012c03b000
R11=0x00007fc81eedb7d0 is an unknown value
R12=0x00007fc81eee7241 is a weak global jni handle
R13=0x00007fc81eddbd00 is an unknown value
R14=0x0000000000000006 is an unknown value
R15=0x00007fc82150fd10 is an unknown value


Registers:
RAX=0x000000000000dead, RBX=0x0000000000000000, RCX=0x0000000103ae80d0, RDX=0x0000000000000000
RSP=0x00007fff5d424430, RBP=0x00007fff5d424430, RSI=0x0000000000000005, RDI=0x0000000000000000
R8 =0x0000000000000000, R9 =0x0000000000000300, R10=0x000000012c045ee0, R11=0x00007fc81eedb7d0
R12=0x00007fc81eee7241, R13=0x00007fc81eddbd00, R14=0x0000000000000006, R15=0x00007fc82150fd10
RIP=0x0000000103915084, EFLAGS=0x0000000000010206, ERR=0x0000000000000006
  TRAPNO=0x000000000000000e

Top of Stack: (sp=0x00007fff5d424430)
0x00007fff5d424430:   00007fff5d424450 0000000103915247
0x00007fff5d424440:   00007fc820a57a18 0000000000000000
0x00007fff5d424450:   00007fff5d424490 00000001035d4ff7
0x00007fff5d424460:   4683f40044400000 0000000000000000
0x00007fff5d424470:   00007fc81ed519d0 00007fc81fcfd000
0x00007fff5d424480:   0000000000000008 00007fc82150fd10
0x00007fff5d424490:   00007fff5d4244b0 000000012c041e3a
0x00007fff5d4244a0:   00007fc820a57a18 00007fff8e33a040
0x00007fff5d4244b0:   00007fff5d4244d0 000000012c041c44
0x00007fff5d4244c0:   00007fc81ed519d0 00007fc820a57a18
0x00007fff5d4244d0:   00007fff5d424530 000000012c09f0bc
0x00007fff5d4244e0:   0000000043d80000 4114a3ecc11b1879
0x00007fff5d4244f0:   0000000000000000 0000000000000000
0x00007fff5d424500:   0000000043c00000 00007fc81eddbd00
0x00007fff5d424510:   00007fc8239017e0 00007fc81ed504d0
0x00007fff5d424520:   00007fc81eddbd00 00007fff8e33a040
0x00007fff5d424530:   00007fff5d4245b0 00007fff7f0c2145
0x00007fff5d424540:   00007fc81f259400 0000000000000000
0x00007fff5d424550:   0000036000000000 00007fc81fcfd000
0x00007fff5d424560:   0000000000000000 0000000000000000
0x00007fff5d424570:   0000000400000000 4114a3ecc11b1879
0x00007fff5d424580:   00007fff5d4245b0 00007fc81eddbd00
0x00007fff5d424590:   0000000000000004 0000000000000000
0x00007fff5d4245a0:   00007fff8e33a040 00007fff77baa557
0x00007fff5d4245b0:   00007fff5d424620 00007fff7f0c1cc3
0x00007fff5d4245c0:   4000000000000000 4078000000000000
0x00007fff5d4245d0:   407b000000000000 0000000000000000
0x00007fff5d4245e0:   0000000000000000 4078000000000000
0x00007fff5d4245f0:   407b000000000000 00007fff5d4246f0
0x00007fff5d424600:   00007fc8216009b8 0000000000000000
0x00007fff5d424610:   00007fff77bb320e 00007fc81f259400
0x00007fff5d424620:   00007fff5d4256f0 00007fff7f0d5032 

Instructions: (pc=0x0000000103915084)
0x0000000103915064:   e8 15 0c f5 ff 48 89 df 44 89 f6 5b 41 5e 5d e9
0x0000000103915074:   08 00 00 00 0f 1f 84 00 00 00 00 00 55 48 89 e5
0x0000000103915084:   89 b7 90 02 00 00 5d c3 0f 1f 40 00 55 48 89 e5
0x0000000103915094:   48 8d 0d 05 ee 21 00 b0 01 83 39 01 75 0d 48 8d 


---------------  P R O C E S S  ---------------

VM state:not at safepoint (normal execution)

VM Mutex/Monitor currently owned by a thread: None

Heap address: 0x0000000740000000, size: 2048 MB, Compressed Oops mode: Zero based, Oop shift amount: 3
Narrow klass base: 0x0000000000000000, Narrow klass shift: 3
Compressed class space size: 1073741824 Address: 0x00000007c0000000

Heap:
 garbage-first heap   total 131072K, used 48795K [0x0000000740000000, 0x0000000740100400, 0x00000007c0000000)
  region size 1024K, 10 young (10240K), 1 survivors (1024K)
 Metaspace       used 26551K, capacity 28406K, committed 28544K, reserved 1075200K
  class space    used 3286K, capacity 3684K, committed 3712K, reserved 1048576K
Heap Regions: E=young(eden), S=young(survivor), O=old, HS=humongous(starts), HC=humongous(continues), CS=collection set, F=free, A=archive, TS=gc time stamp, AC=allocation context, TAMS=top-at-mark-start (previous, next)
|   0|0x0000000740000000, 0x0000000740100000, 0x0000000740100000|100%| O|  |TS  0|AC  0|TAMS 0x0000000740100000, 0x0000000740100000|
|   1|0x0000000740100000, 0x0000000740200000, 0x0000000740200000|100%|HS|  |TS  0|AC  0|TAMS 0x0000000740100000, 0x0000000740100000|
|   2|0x0000000740200000, 0x0000000740300000, 0x0000000740300000|100%|HC|  |TS  0|AC  0|TAMS 0x0000000740200000, 0x0000000740200000|
|   3|0x0000000740300000, 0x0000000740400000, 0x0000000740400000|100%|HS|  |TS  0|AC  0|TAMS 0x0000000740400000, 0x0000000740400000|
|   4|0x0000000740400000, 0x0000000740500000, 0x0000000740500000|100%|HC|  |TS  0|AC  0|TAMS 0x0000000740500000, 0x0000000740500000|
|   5|0x0000000740500000, 0x0000000740600000, 0x0000000740600000|100%|HS|  |TS  0|AC  0|TAMS 0x0000000740500000, 0x0000000740500000|
|   6|0x0000000740600000, 0x0000000740700000, 0x0000000740700000|100%|HC|  |TS  0|AC  0|TAMS 0x0000000740600000, 0x0000000740600000|
|   7|0x0000000740700000, 0x0000000740800000, 0x0000000740800000|100%|HS|  |TS  0|AC  0|TAMS 0x0000000740700000, 0x0000000740700000|
|   8|0x0000000740800000, 0x0000000740900000, 0x0000000740900000|100%|HC|  |TS  0|AC  0|TAMS 0x0000000740800000, 0x0000000740800000|
|   9|0x0000000740900000, 0x0000000740a00000, 0x0000000740a00000|100%|HS|  |TS  0|AC  0|TAMS 0x0000000740a00000, 0x0000000740a00000|
|  10|0x0000000740a00000, 0x0000000740b00000, 0x0000000740b00000|100%|HC|  |TS  0|AC  0|TAMS 0x0000000740b00000, 0x0000000740b00000|
|  11|0x0000000740b00000, 0x0000000740c00000, 0x0000000740c00000|100%|HC|  |TS  0|AC  0|TAMS 0x0000000740c00000, 0x0000000740c00000|
|  12|0x0000000740c00000, 0x0000000740d00000, 0x0000000740d00000|100%|HS|  |TS  0|AC  0|TAMS 0x0000000740d00000, 0x0000000740d00000|
|  13|0x0000000740d00000, 0x0000000740e00000, 0x0000000740e00000|100%|HC|  |TS  0|AC  0|TAMS 0x0000000740e00000, 0x0000000740e00000|
|  14|0x0000000740e00000, 0x0000000740f00000, 0x0000000740f00000|100%|HS|  |TS  0|AC  0|TAMS 0x0000000740e00000, 0x0000000740e00000|
|  15|0x0000000740f00000, 0x0000000741000000, 0x0000000741000000|100%|HC|  |TS  0|AC  0|TAMS 0x0000000740f00000, 0x0000000740f00000|
|  16|0x0000000741000000, 0x0000000741100000, 0x0000000741100000|100%|HS|  |TS  0|AC  0|TAMS 0x0000000741000000, 0x0000000741000000|
|  17|0x0000000741100000, 0x0000000741200000, 0x0000000741200000|100%|HC|  |TS  0|AC  0|TAMS 0x0000000741100000, 0x0000000741100000|
|  18|0x0000000741200000, 0x0000000741300000, 0x0000000741300000|100%|HS|  |TS  0|AC  0|TAMS 0x0000000741200000, 0x0000000741200000|
|  19|0x0000000741300000, 0x0000000741400000, 0x0000000741400000|100%|HC|  |TS  0|AC  0|TAMS 0x0000000741300000, 0x0000000741300000|
|  20|0x0000000741400000, 0x0000000741500000, 0x0000000741500000|100%|HS|  |TS  0|AC  0|TAMS 0x0000000741400000, 0x0000000741400000|
|  21|0x0000000741500000, 0x0000000741600000, 0x0000000741600000|100%|HC|  |TS  0|AC  0|TAMS 0x0000000741500000, 0x0000000741500000|
|  22|0x0000000741600000, 0x0000000741700000, 0x0000000741700000|100%|HS|  |TS  0|AC  0|TAMS 0x0000000741600000, 0x0000000741600000|
|  23|0x0000000741700000, 0x0000000741800000, 0x0000000741800000|100%|HC|  |TS  0|AC  0|TAMS 0x0000000741700000, 0x0000000741700000|
|  24|0x0000000741800000, 0x0000000741900000, 0x0000000741900000|100%|HS|  |TS  0|AC  0|TAMS 0x0000000741800000, 0x0000000741800000|
|  25|0x0000000741900000, 0x0000000741a00000, 0x0000000741a00000|100%|HC|  |TS  0|AC  0|TAMS 0x0000000741900000, 0x0000000741900000|
|  26|0x0000000741a00000, 0x0000000741b00000, 0x0000000741b00000|100%|HS|  |TS  0|AC  0|TAMS 0x0000000741a00000, 0x0000000741a00000|
|  27|0x0000000741b00000, 0x0000000741c00000, 0x0000000741c00000|100%|HC|  |TS  0|AC  0|TAMS 0x0000000741b00000, 0x0000000741b00000|
|  28|0x0000000741c00000, 0x0000000741d00000, 0x0000000741d00000|100%|HS|  |TS  0|AC  0|TAMS 0x0000000741c00000, 0x0000000741c00000|
|  29|0x0000000741d00000, 0x0000000741e00000, 0x0000000741e00000|100%|HC|  |TS  0|AC  0|TAMS 0x0000000741d00000, 0x0000000741d00000|
|  30|0x0000000741e00000, 0x0000000741f00000, 0x0000000741f00000|100%|HS|  |TS  0|AC  0|TAMS 0x0000000741e00000, 0x0000000741e00000|
|  31|0x0000000741f00000, 0x0000000742000000, 0x0000000742000000|100%|HC|  |TS  0|AC  0|TAMS 0x0000000741f00000, 0x0000000741f00000|
|  32|0x0000000742000000, 0x0000000742000000, 0x0000000742100000|  0%| F|  |TS  0|AC  0|TAMS 0x0000000742000000, 0x0000000742000000|
|  33|0x0000000742100000, 0x0000000742100000, 0x0000000742200000|  0%| F|  |TS  0|AC  0|TAMS 0x0000000742100000, 0x0000000742100000|
|  34|0x0000000742200000, 0x0000000742200000, 0x0000000742300000|  0%| F|  |TS  0|AC  0|TAMS 0x0000000742200000, 0x0000000742200000|
|  35|0x0000000742300000, 0x0000000742300000, 0x0000000742400000|  0%| F|  |TS  0|AC  0|TAMS 0x0000000742300000, 0x0000000742300000|
|  36|0x0000000742400000, 0x0000000742400000, 0x0000000742500000|  0%| F|  |TS  0|AC  0|TAMS 0x0000000742400000, 0x0000000742400000|
|  37|0x0000000742500000, 0x0000000742500000, 0x0000000742600000|  0%| F|  |TS  0|AC  0|TAMS 0x0000000742500000, 0x0000000742500000|
|  38|0x0000000742600000, 0x0000000742600000, 0x0000000742700000|  0%| F|  |TS  0|AC  0|TAMS 0x0000000742600000, 0x0000000742600000|
|  39|0x0000000742700000, 0x0000000742700000, 0x0000000742800000|  0%| F|  |TS  0|AC  0|TAMS 0x0000000742700000, 0x0000000742700000|
|  40|0x0000000742800000, 0x0000000742800000, 0x0000000742900000|  0%| F|  |TS  0|AC  0|TAMS 0x0000000742800000, 0x0000000742800000|
|  41|0x0000000742900000, 0x0000000742900000, 0x0000000742a00000|  0%| F|  |TS  0|AC  0|TAMS 0x0000000742900000, 0x0000000742900000|
|  42|0x0000000742a00000, 0x0000000742a00000, 0x0000000742b00000|  0%| F|  |TS  0|AC  0|TAMS 0x0000000742a00000, 0x0000000742a00000|
|  43|0x0000000742b00000, 0x0000000742b00000, 0x0000000742c00000|  0%| F|  |TS  0|AC  0|TAMS 0x0000000742b00000, 0x0000000742b00000|
|  44|0x0000000742c00000, 0x0000000742c00000, 0x0000000742d00000|  0%| F|  |TS  0|AC  0|TAMS 0x0000000742c00000, 0x0000000742c00000|
|  45|0x0000000742d00000, 0x0000000742d00000, 0x0000000742e00000|  0%| F|  |TS  0|AC  0|TAMS 0x0000000742d00000, 0x0000000742d00000|
|  46|0x0000000742e00000, 0x0000000742e00000, 0x0000000742f00000|  0%| F|  |TS  0|AC  0|TAMS 0x0000000742e00000, 0x0000000742e00000|
|  47|0x0000000742f00000, 0x0000000742f00000, 0x0000000743000000|  0%| F|  |TS  0|AC  0|TAMS 0x0000000742f00000, 0x0000000742f00000|
|  48|0x0000000743000000, 0x0000000743000000, 0x0000000743100000|  0%| F|  |TS  0|AC  0|TAMS 0x0000000743000000, 0x0000000743000000|
|  49|0x0000000743100000, 0x0000000743100000, 0x0000000743200000|  0%| F|  |TS  0|AC  0|TAMS 0x0000000743100000, 0x0000000743100000|
|  50|0x0000000743200000, 0x0000000743200000, 0x0000000743300000|  0%| F|  |TS  0|AC  0|TAMS 0x0000000743200000, 0x0000000743200000|
|  51|0x0000000743300000, 0x0000000743300000, 0x0000000743400000|  0%| F|  |TS  0|AC  0|TAMS 0x0000000743300000, 0x0000000743300000|
|  52|0x0000000743400000, 0x0000000743400000, 0x0000000743500000|  0%| F|  |TS  0|AC  0|TAMS 0x0000000743400000, 0x0000000743400000|
|  53|0x0000000743500000, 0x0000000743500000, 0x0000000743600000|  0%| F|  |TS  0|AC  0|TAMS 0x0000000743500000, 0x0000000743500000|
|  54|0x0000000743600000, 0x0000000743600000, 0x0000000743700000|  0%| F|  |TS  0|AC  0|TAMS 0x0000000743600000, 0x0000000743600000|
|  55|0x0000000743700000, 0x0000000743700000, 0x0000000743800000|  0%| F|  |TS  0|AC  0|TAMS 0x0000000743700000, 0x0000000743700000|
|  56|0x0000000743800000, 0x0000000743900000, 0x0000000743900000|100%|HS|  |TS  0|AC  0|TAMS 0x0000000743900000, 0x0000000743900000|
|  57|0x0000000743900000, 0x0000000743a00000, 0x0000000743a00000|100%|HC|  |TS  0|AC  0|TAMS 0x0000000743a00000, 0x0000000743a00000|
|  58|0x0000000743a00000, 0x0000000743b00000, 0x0000000743b00000|100%| O|  |TS  0|AC  0|TAMS 0x0000000743b00000, 0x0000000743b00000|
|  59|0x0000000743b00000, 0x0000000743c00000, 0x0000000743c00000|100%| O|  |TS  0|AC  0|TAMS 0x0000000743c00000, 0x0000000743c00000|
|  60|0x0000000743c00000, 0x0000000743d00000, 0x0000000743d00000|100%| O|  |TS  0|AC  0|TAMS 0x0000000743d00000, 0x0000000743d00000|
|  61|0x0000000743d00000, 0x0000000743e00000, 0x0000000743e00000|100%| O|  |TS  0|AC  0|TAMS 0x0000000743e00000, 0x0000000743e00000|
|  62|0x0000000743e00000, 0x0000000743eea000, 0x0000000743f00000| 91%| O|  |TS  0|AC  0|TAMS 0x0000000743eea000, 0x0000000743eea000|
|  63|0x0000000743f00000, 0x0000000743f00000, 0x0000000744000000|  0%| F|  |TS  0|AC  0|TAMS 0x0000000743f00000, 0x0000000743f00000|
|  64|0x0000000744000000, 0x0000000744000000, 0x0000000744100000|  0%| F|  |TS  0|AC  0|TAMS 0x0000000744000000, 0x0000000744000000|
|  65|0x0000000744100000, 0x0000000744100000, 0x0000000744200000|  0%| F|  |TS  0|AC  0|TAMS 0x0000000744100000, 0x0000000744100000|
|  66|0x0000000744200000, 0x0000000744200000, 0x0000000744300000|  0%| F|  |TS  0|AC  0|TAMS 0x0000000744200000, 0x0000000744200000|
|  67|0x0000000744300000, 0x0000000744300000, 0x0000000744400000|  0%| F|  |TS  0|AC  0|TAMS 0x0000000744300000, 0x0000000744300000|
|  68|0x0000000744400000, 0x0000000744400000, 0x0000000744500000|  0%| F|  |TS  0|AC  0|TAMS 0x0000000744400000, 0x0000000744400000|
|  69|0x0000000744500000, 0x0000000744500000, 0x0000000744600000|  0%| F|  |TS  0|AC  0|TAMS 0x0000000744500000, 0x0000000744500000|
|  70|0x0000000744600000, 0x0000000744600000, 0x0000000744700000|  0%| F|  |TS  0|AC  0|TAMS 0x0000000744600000, 0x0000000744600000|
|  71|0x0000000744700000, 0x0000000744700000, 0x0000000744800000|  0%| F|  |TS  0|AC  0|TAMS 0x0000000744700000, 0x0000000744700000|
|  72|0x0000000744800000, 0x0000000744800000, 0x0000000744900000|  0%| F|  |TS  0|AC  0|TAMS 0x0000000744800000, 0x0000000744800000|
|  73|0x0000000744900000, 0x0000000744900000, 0x0000000744a00000|  0%| F|  |TS  0|AC  0|TAMS 0x0000000744900000, 0x0000000744900000|
|  74|0x0000000744a00000, 0x0000000744a00000, 0x0000000744b00000|  0%| F|  |TS  0|AC  0|TAMS 0x0000000744a00000, 0x0000000744a00000|
|  75|0x0000000744b00000, 0x0000000744b00000, 0x0000000744c00000|  0%| F|  |TS  0|AC  0|TAMS 0x0000000744b00000, 0x0000000744b00000|
|  76|0x0000000744c00000, 0x0000000744c00000, 0x0000000744d00000|  0%| F|  |TS  0|AC  0|TAMS 0x0000000744c00000, 0x0000000744c00000|
|  77|0x0000000744d00000, 0x0000000744d00000, 0x0000000744e00000|  0%| F|  |TS  0|AC  0|TAMS 0x0000000744d00000, 0x0000000744d00000|
|  78|0x0000000744e00000, 0x0000000744e00000, 0x0000000744f00000|  0%| F|  |TS  0|AC  0|TAMS 0x0000000744e00000, 0x0000000744e00000|
|  79|0x0000000744f00000, 0x0000000744f00000, 0x0000000745000000|  0%| F|  |TS  0|AC  0|TAMS 0x0000000744f00000, 0x0000000744f00000|
|  80|0x0000000745000000, 0x0000000745000000, 0x0000000745100000|  0%| F|  |TS  0|AC  0|TAMS 0x0000000745000000, 0x0000000745000000|
|  81|0x0000000745100000, 0x0000000745100000, 0x0000000745200000|  0%| F|  |TS  0|AC  0|TAMS 0x0000000745100000, 0x0000000745100000|
|  82|0x0000000745200000, 0x0000000745200000, 0x0000000745300000|  0%| F|  |TS  0|AC  0|TAMS 0x0000000745200000, 0x0000000745200000|
|  83|0x0000000745300000, 0x0000000745300000, 0x0000000745400000|  0%| F|  |TS  0|AC  0|TAMS 0x0000000745300000, 0x0000000745300000|
|  84|0x0000000745400000, 0x0000000745400000, 0x0000000745500000|  0%| F|  |TS  0|AC  0|TAMS 0x0000000745400000, 0x0000000745400000|
|  85|0x0000000745500000, 0x0000000745500000, 0x0000000745600000|  0%| F|  |TS  0|AC  0|TAMS 0x0000000745500000, 0x0000000745500000|
|  86|0x0000000745600000, 0x0000000745600000, 0x0000000745700000|  0%| F|  |TS  0|AC  0|TAMS 0x0000000745600000, 0x0000000745600000|
|  87|0x0000000745700000, 0x0000000745700000, 0x0000000745800000|  0%| F|  |TS  0|AC  0|TAMS 0x0000000745700000, 0x0000000745700000|
|  88|0x0000000745800000, 0x0000000745800000, 0x0000000745900000|  0%| F|  |TS  0|AC  0|TAMS 0x0000000745800000, 0x0000000745800000|
|  89|0x0000000745900000, 0x0000000745900000, 0x0000000745a00000|  0%| F|  |TS  0|AC  0|TAMS 0x0000000745900000, 0x0000000745900000|
|  90|0x0000000745a00000, 0x0000000745a00000, 0x0000000745b00000|  0%| F|  |TS  0|AC  0|TAMS 0x0000000745a00000, 0x0000000745a00000|
|  91|0x0000000745b00000, 0x0000000745b00000, 0x0000000745c00000|  0%| F|  |TS  0|AC  0|TAMS 0x0000000745b00000, 0x0000000745b00000|
|  92|0x0000000745c00000, 0x0000000745c00000, 0x0000000745d00000|  0%| F|  |TS  0|AC  0|TAMS 0x0000000745c00000, 0x0000000745c00000|
|  93|0x0000000745d00000, 0x0000000745d00000, 0x0000000745e00000|  0%| F|  |TS  0|AC  0|TAMS 0x0000000745d00000, 0x0000000745d00000|
|  94|0x0000000745e00000, 0x0000000745e00000, 0x0000000745f00000|  0%| F|  |TS  0|AC  0|TAMS 0x0000000745e00000, 0x0000000745e00000|
|  95|0x0000000745f00000, 0x0000000745f00000, 0x0000000746000000|  0%| F|  |TS  0|AC  0|TAMS 0x0000000745f00000, 0x0000000745f00000|
|  96|0x0000000746000000, 0x0000000746000000, 0x0000000746100000|  0%| F|  |TS  0|AC  0|TAMS 0x0000000746000000, 0x0000000746000000|
|  97|0x0000000746100000, 0x0000000746100000, 0x0000000746200000|  0%| F|  |TS  0|AC  0|TAMS 0x0000000746100000, 0x0000000746100000|
|  98|0x0000000746200000, 0x0000000746200000, 0x0000000746300000|  0%| F|  |TS  0|AC  0|TAMS 0x0000000746200000, 0x0000000746200000|
|  99|0x0000000746300000, 0x0000000746300000, 0x0000000746400000|  0%| F|  |TS  0|AC  0|TAMS 0x0000000746300000, 0x0000000746300000|
| 100|0x0000000746400000, 0x0000000746400000, 0x0000000746500000|  0%| F|  |TS  0|AC  0|TAMS 0x0000000746400000, 0x0000000746400000|
| 101|0x0000000746500000, 0x0000000746500000, 0x0000000746600000|  0%| F|  |TS  0|AC  0|TAMS 0x0000000746500000, 0x0000000746500000|
| 102|0x0000000746600000, 0x0000000746600000, 0x0000000746700000|  0%| F|  |TS  0|AC  0|TAMS 0x0000000746600000, 0x0000000746600000|
| 103|0x0000000746700000, 0x0000000746700000, 0x0000000746800000|  0%| F|  |TS  0|AC  0|TAMS 0x0000000746700000, 0x0000000746700000|
| 104|0x0000000746800000, 0x0000000746800000, 0x0000000746900000|  0%| F|  |TS  0|AC  0|TAMS 0x0000000746800000, 0x0000000746800000|
| 105|0x0000000746900000, 0x0000000746900000, 0x0000000746a00000|  0%| F|  |TS  0|AC  0|TAMS 0x0000000746900000, 0x0000000746900000|
| 106|0x0000000746a00000, 0x0000000746a00000, 0x0000000746b00000|  0%| F|  |TS  0|AC  0|TAMS 0x0000000746a00000, 0x0000000746a00000|
| 107|0x0000000746b00000, 0x0000000746b00000, 0x0000000746c00000|  0%| F|  |TS  0|AC  0|TAMS 0x0000000746b00000, 0x0000000746b00000|
| 108|0x0000000746c00000, 0x0000000746c00000, 0x0000000746d00000|  0%| F|  |TS  0|AC  0|TAMS 0x0000000746c00000, 0x0000000746c00000|
| 109|0x0000000746d00000, 0x0000000746d00000, 0x0000000746e00000|  0%| F|  |TS  0|AC  0|TAMS 0x0000000746d00000, 0x0000000746d00000|
| 110|0x0000000746e00000, 0x0000000746e00000, 0x0000000746f00000|  0%| F|  |TS  0|AC  0|TAMS 0x0000000746e00000, 0x0000000746e00000|
| 111|0x0000000746f00000, 0x0000000746f00000, 0x0000000747000000|  0%| F|  |TS  0|AC  0|TAMS 0x0000000746f00000, 0x0000000746f00000|
| 112|0x0000000747000000, 0x0000000747000000, 0x0000000747100000|  0%| F|  |TS  0|AC  0|TAMS 0x0000000747000000, 0x0000000747000000|
| 113|0x0000000747100000, 0x0000000747100000, 0x0000000747200000|  0%| F|  |TS  0|AC  0|TAMS 0x0000000747100000, 0x0000000747100000|
| 114|0x0000000747200000, 0x0000000747200000, 0x0000000747300000|  0%| F|  |TS  0|AC  0|TAMS 0x0000000747200000, 0x0000000747200000|
| 115|0x0000000747300000, 0x0000000747300000, 0x0000000747400000|  0%| F|  |TS  0|AC  0|TAMS 0x0000000747300000, 0x0000000747300000|
| 116|0x0000000747400000, 0x0000000747400000, 0x0000000747500000|  0%| F|  |TS  0|AC  0|TAMS 0x0000000747400000, 0x0000000747400000|
| 117|0x0000000747500000, 0x0000000747500000, 0x0000000747600000|  0%| F|  |TS  0|AC  0|TAMS 0x0000000747500000, 0x0000000747500000|
| 118|0x0000000747600000, 0x0000000747660e18, 0x0000000747700000| 37%| E|  |TS  0|AC  0|TAMS 0x0000000747600000, 0x0000000747600000|
| 119|0x0000000747700000, 0x0000000747800000, 0x0000000747800000|100%| E|CS|TS  0|AC  0|TAMS 0x0000000747700000, 0x0000000747700000|
| 120|0x0000000747800000, 0x0000000747900000, 0x0000000747900000|100%| E|CS|TS  0|AC  0|TAMS 0x0000000747800000, 0x0000000747800000|
| 121|0x0000000747900000, 0x0000000747a00000, 0x0000000747a00000|100%| E|CS|TS  0|AC  0|TAMS 0x0000000747900000, 0x0000000747900000|
| 122|0x0000000747a00000, 0x0000000747b00000, 0x0000000747b00000|100%| E|CS|TS  0|AC  0|TAMS 0x0000000747a00000, 0x0000000747a00000|
| 123|0x0000000747b00000, 0x0000000747bbcc80, 0x0000000747c00000| 73%| S|CS|TS  0|AC  0|TAMS 0x0000000747b00000, 0x0000000747b00000|
| 124|0x0000000747c00000, 0x0000000747d00000, 0x0000000747d00000|100%| E|CS|TS  0|AC  0|TAMS 0x0000000747c00000, 0x0000000747c00000|
| 125|0x0000000747d00000, 0x0000000747e00000, 0x0000000747e00000|100%| E|CS|TS  0|AC  0|TAMS 0x0000000747d00000, 0x0000000747d00000|
| 126|0x0000000747e00000, 0x0000000747f00000, 0x0000000747f00000|100%| E|CS|TS  0|AC  0|TAMS 0x0000000747e00000, 0x0000000747e00000|
| 127|0x0000000747f00000, 0x0000000748000000, 0x0000000748000000|100%| E|CS|TS  0|AC  0|TAMS 0x0000000747f00000, 0x0000000747f00000|

Card table byte_map: [0x0000000104b7d000,0x0000000104f7d000] byte_map_base: 0x000000010117d000

Marking Bits (Prev, Next): (CMBitMap*) 0x00007fc820038670, (CMBitMap*) 0x00007fc8200386a8
 Prev Bits: [0x000000010537d000, 0x000000010737d000)
 Next Bits: [0x000000010737d000, 0x000000010937d000)

Polling page: 0x0000000102891000

CodeHeap 'non-profiled nmethods': size=120032Kb used=887Kb max_used=887Kb free=119144Kb
 bounds [0x000000011f310000, 0x000000011f580000, 0x0000000126848000]
CodeHeap 'profiled nmethods': size=120032Kb used=4219Kb max_used=4219Kb free=115812Kb
 bounds [0x0000000117dd8000, 0x00000001181f8000, 0x000000011f310000]
CodeHeap 'non-nmethods': size=5696Kb used=1536Kb max_used=1551Kb free=4159Kb
 bounds [0x0000000117848000, 0x0000000117ab8000, 0x0000000117dd8000]
 total_blobs=3618 nmethods=2296 adapters=812
 compilation: enabled

Compilation events (10 events):
Event: 18.145 Thread 0x00007fc82005e800 2294       3       java.lang.invoke.BoundMethodHandle$Species_L::make (11 bytes)
Event: 18.145 Thread 0x00007fc82005e800 nmethod 2294 0x00000001181f4510 code [0x00000001181f46e0, 0x00000001181f4988]
Event: 18.155 Thread 0x00007fc82005e800 2295   !   3       java.lang.ClassLoader::findNative (86 bytes)
Event: 18.155 Thread 0x00007fc82005e800 nmethod 2295 0x00000001181f4a90 code [0x00000001181f4ca0, 0x00000001181f5578]
Event: 18.158 Thread 0x00007fc81f043000 2296       4       java.util.HashMap::putVal (300 bytes)
Event: 18.176 Thread 0x00007fc82005e800 2297       3       java.lang.invoke.MethodHandleImpl$IntrinsicMethodHandle::<init> (20 bytes)
Event: 18.177 Thread 0x00007fc82005e800 nmethod 2297 0x00000001181f5810 code [0x00000001181f5a00, 0x00000001181f60b8]
Event: 18.177 Thread 0x00007fc82005e800 2298       3       java.lang.invoke.MethodHandleImpl::makeIntrinsic (14 bytes)
Event: 18.177 Thread 0x00007fc82005e800 nmethod 2298 0x00000001181f6290 code [0x00000001181f6480, 0x00000001181f6b18]
Event: 18.187 Thread 0x00007fc81f043000 nmethod 2296 0x000000011f3ec510 code [0x000000011f3ec760, 0x000000011f3ed680]

GC Heap History (6 events):
Event: 0.727 GC heap before
{Heap before GC invocations=0 (full 0):
 garbage-first heap   total 131072K, used 14336K [0x0000000740000000, 0x0000000740100400, 0x00000007c0000000)
  region size 1024K, 14 young (14336K), 0 survivors (0K)
 Metaspace       used 11132K, capacity 11826K, committed 11904K, reserved 1060864K
  class space    used 1190K, capacity 1331K, committed 1408K, reserved 1048576K
}
Event: 0.743 GC heap after
{Heap after GC invocations=1 (full 0):
 garbage-first heap   total 131072K, used 2439K [0x0000000740000000, 0x0000000740100400, 0x00000007c0000000)
  region size 1024K, 2 young (2048K), 2 survivors (2048K)
 Metaspace       used 11132K, capacity 11826K, committed 11904K, reserved 1060864K
  class space    used 1190K, capacity 1331K, committed 1408K, reserved 1048576K
}
Event: 2.111 GC heap before
{Heap before GC invocations=1 (full 0):
 garbage-first heap   total 131072K, used 23943K [0x0000000740000000, 0x0000000740100400, 0x00000007c0000000)
  region size 1024K, 22 young (22528K), 2 survivors (2048K)
 Metaspace       used 19661K, capacity 21122K, committed 21248K, reserved 1067008K
  class space    used 2445K, capacity 2742K, committed 2816K, reserved 1048576K
}
Event: 2.122 GC heap after
{Heap after GC invocations=2 (full 0):
 garbage-first heap   total 131072K, used 8718K [0x0000000740000000, 0x0000000740100400, 0x00000007c0000000)
  region size 1024K, 7 young (7168K), 7 survivors (7168K)
 Metaspace       used 19661K, capacity 21122K, committed 21248K, reserved 1067008K
  class space    used 2445K, capacity 2742K, committed 2816K, reserved 1048576K
}
Event: 8.906 GC heap before
{Heap before GC invocations=3 (full 0):
 garbage-first heap   total 131072K, used 68110K [0x0000000740000000, 0x0000000740100400, 0x00000007c0000000)
  region size 1024K, 11 young (11264K), 7 survivors (7168K)
 Metaspace       used 20796K, capacity 22398K, committed 22656K, reserved 1069056K
  class space    used 2594K, capacity 2896K, committed 2944K, reserved 1048576K
}
Event: 8.918 GC heap after
{Heap after GC invocations=4 (full 0):
 garbage-first heap   total 131072K, used 16027K [0x0000000740000000, 0x0000000740100400, 0x00000007c0000000)
  region size 1024K, 1 young (1024K), 1 survivors (1024K)
 Metaspace       used 20796K, capacity 22398K, committed 22656K, reserved 1069056K
  class space    used 2594K, capacity 2896K, committed 2944K, reserved 1048576K
}

Deoptimization events (10 events):
Event: 1.832 Thread 0x00007fc820a57800 Uncommon trap: reason=class_check action=maybe_recompile pc=0x000000011f36ec00 method=java.lang.String.equals(Ljava/lang/Object;)Z @ 8 c2
Event: 1.892 Thread 0x00007fc820a57800 Uncommon trap: reason=bimorphic_or_optimized_type_check action=maybe_recompile pc=0x000000011f349904 method=java.util.concurrent.ConcurrentHashMap.get(Ljava/lang/Object;)Ljava/lang/Object; @ 149 c2
Event: 1.892 Thread 0x00007fc820a57800 Uncommon trap: reason=bimorphic_or_optimized_type_check action=maybe_recompile pc=0x000000011f349904 method=java.util.concurrent.ConcurrentHashMap.get(Ljava/lang/Object;)Ljava/lang/Object; @ 149 c2
Event: 2.043 Thread 0x00007fc820a57800 Uncommon trap: reason=unstable_if action=reinterpret pc=0x000000011f35a04c method=java.io.ByteArrayInputStream.read()I @ 8 c2
Event: 2.083 Thread 0x00007fc820a57800 Uncommon trap: reason=unstable_if action=reinterpret pc=0x000000011f3987f8 method=java.lang.String.regionMatches(ILjava/lang/String;II)Z @ 32 c2
Event: 4.800 Thread 0x00007fc81f8ac000 Uncommon trap: reason=unstable_if action=reinterpret pc=0x000000011f3b016c method=java.lang.Float.isNaN(F)Z @ 3 c2
Event: 18.098 Thread 0x00007fc820c41000 Uncommon trap: reason=class_check action=maybe_recompile pc=0x000000011f385414 method=java.util.HashMap.putVal(ILjava/lang/Object;Ljava/lang/Object;ZZ)Ljava/lang/Object; @ 253 c2
Event: 18.098 Thread 0x00007fc820c41000 Uncommon trap: reason=class_check action=maybe_recompile pc=0x000000011f385414 method=java.util.HashMap.putVal(ILjava/lang/Object;Ljava/lang/Object;ZZ)Ljava/lang/Object; @ 253 c2
Event: 18.098 Thread 0x00007fc820c41000 Uncommon trap: reason=class_check action=maybe_recompile pc=0x000000011f385414 method=java.util.HashMap.putVal(ILjava/lang/Object;Ljava/lang/Object;ZZ)Ljava/lang/Object; @ 253 c2
Event: 18.098 Thread 0x00007fc820c41000 Uncommon trap: reason=class_check action=maybe_recompile pc=0x000000011f385414 method=java.util.HashMap.putVal(ILjava/lang/Object;Ljava/lang/Object;ZZ)Ljava/lang/Object; @ 253 c2

Classes redefined (0 events):
No events

Internal exceptions (10 events):
Event: 18.058 Thread 0x00007fc820c40800 Exception <a 'java/lang/NoSuchMethodError'{0x00000007479fa648}: java.lang.invoke.DirectMethodHandle$Holder.invokeStatic(Ljava/lang/Object;J)V> (0x00000007479fa648) thrown at [/HUDSON/workspace/9-2-build-macosx-x86_64-phase2/jdk9/6725/hotspot/src/share/vm/
Event: 18.059 Thread 0x00007fc820a57800 Exception <a 'java/lang/NoSuchMethodError'{0x00000007479d8ca8}: java.lang.invoke.DirectMethodHandle$Holder.invokeStatic(Ljava/lang/Object;Ljava/lang/Object;J)V> (0x00000007479d8ca8) thrown at [/HUDSON/workspace/9-2-build-macosx-x86_64-phase2/jdk9/6725/hot
Event: 18.062 Thread 0x00007fc820a57800 Exception <a 'java/lang/NoSuchMethodError'{0x00000007479e13b0}: method resolution failed> (0x00000007479e13b0) thrown at [/HUDSON/workspace/9-2-build-macosx-x86_64-phase2/jdk9/6725/hotspot/src/share/vm/prims/methodHandles.cpp, line 1256]
Event: 18.074 Thread 0x00007fc820a57800 Exception <a 'java/lang/NoSuchMethodError'{0x00000007478136a8}: java.lang.invoke.DirectMethodHandle$Holder.invokeSpecial(Ljava/lang/Object;Ljava/lang/Object;J)V> (0x00000007478136a8) thrown at [/HUDSON/workspace/9-2-build-macosx-x86_64-phase2/jdk9/6725/ho
Event: 18.074 Thread 0x00007fc820a57800 Exception <a 'java/lang/NoSuchMethodError'{0x00000007478194d0}: java.lang.invoke.DirectMethodHandle$Holder.invokeStatic(Ljava/lang/Object;JJ)V> (0x00000007478194d0) thrown at [/HUDSON/workspace/9-2-build-macosx-x86_64-phase2/jdk9/6725/hotspot/src/share/vm
Event: 18.074 Thread 0x00007fc820a57800 Exception <a 'java/lang/NoSuchMethodError'{0x000000074781ecb0}: java.lang.invoke.DirectMethodHandle$Holder.invokeStatic(Ljava/lang/Object;J)Ljava/lang/Object;> (0x000000074781ecb0) thrown at [/HUDSON/workspace/9-2-build-macosx-x86_64-phase2/jdk9/6725/hots
Event: 18.074 Thread 0x00007fc820a57800 Exception <a 'java/lang/NoSuchMethodError'{0x00000007478227f0}: method resolution failed> (0x00000007478227f0) thrown at [/HUDSON/workspace/9-2-build-macosx-x86_64-phase2/jdk9/6725/hotspot/src/share/vm/prims/methodHandles.cpp, line 1256]
Event: 18.105 Thread 0x00007fc820a57800 Exception <a 'java/lang/NoSuchMethodError'{0x0000000747830548}: method resolution failed> (0x0000000747830548) thrown at [/HUDSON/workspace/9-2-build-macosx-x86_64-phase2/jdk9/6725/hotspot/src/share/vm/prims/methodHandles.cpp, line 1256]
Event: 18.106 Thread 0x00007fc820a57800 Exception <a 'java/lang/NoSuchMethodError'{0x00000007478378d8}: method resolution failed> (0x00000007478378d8) thrown at [/HUDSON/workspace/9-2-build-macosx-x86_64-phase2/jdk9/6725/hotspot/src/share/vm/prims/methodHandles.cpp, line 1256]
Event: 18.106 Thread 0x00007fc820a57800 Exception <a 'java/lang/NoSuchMethodError'{0x000000074783b848}: method resolution failed> (0x000000074783b848) thrown at [/HUDSON/workspace/9-2-build-macosx-x86_64-phase2/jdk9/6725/hotspot/src/share/vm/prims/methodHandles.cpp, line 1256]

Events (10 events):
Event: 18.189 loading class java/text/AttributedString$AttributedStringIterator
Event: 18.189 loading class java/text/AttributedCharacterIterator
Event: 18.189 loading class java/text/AttributedCharacterIterator done
Event: 18.189 loading class java/text/AttributedString$AttributedStringIterator done
Event: 18.190 loading class sun/awt/DebugSettings
Event: 18.190 loading class sun/awt/DebugSettings done
Event: 18.191 loading class javax/swing/JComponent$KeyboardState
Event: 18.191 loading class javax/swing/JComponent$KeyboardState done
Event: 18.191 loading class javax/swing/JComponent$IntVector
Event: 18.191 loading class javax/swing/JComponent$IntVector done


Dynamic libraries:
0x00007fff78e74000 	/System/Library/Frameworks/Cocoa.framework/Versions/A/Cocoa
0x00007fff7f719000 	/System/Library/Frameworks/Security.framework/Versions/A/Security
0x00007fff77d2b000 	/System/Library/Frameworks/ApplicationServices.framework/Versions/A/ApplicationServices
0x00007fff8eb32000 	/usr/lib/libz.1.dylib
0x00007fff8d685000 	/usr/lib/libSystem.B.dylib
0x00007fff7940a000 	/System/Library/Frameworks/CoreFoundation.framework/Versions/A/CoreFoundation
0x00007fff7ae82000 	/System/Library/Frameworks/Foundation.framework/Versions/C/Foundation
0x00007fff8e333000 	/usr/lib/libobjc.A.dylib
0x00007fff76f40000 	/System/Library/Frameworks/AppKit.framework/Versions/C/AppKit
0x00007fff79060000 	/System/Library/Frameworks/CoreData.framework/Versions/A/CoreData
0x00007fff8a10a000 	/System/Library/PrivateFrameworks/RemoteViewServices.framework/Versions/A/RemoteViewServices
0x00007fff8c0f5000 	/System/Library/PrivateFrameworks/UIFoundation.framework/Versions/A/UIFoundation
0x00007fff854a6000 	/System/Library/PrivateFrameworks/DFRFoundation.framework/Versions/A/DFRFoundation
0x00007fff8dc76000 	/usr/lib/libenergytrace.dylib
0x00007fff8af37000 	/System/Library/PrivateFrameworks/SkyLight.framework/Versions/A/SkyLight
0x00007fff798a4000 	/System/Library/Frameworks/CoreGraphics.framework/Versions/A/CoreGraphics
0x00007fff8d680000 	/usr/lib/libScreenReader.dylib
0x00007fff75f62000 	/System/Library/Frameworks/Accelerate.framework/Versions/A/Accelerate
0x00007fff7b480000 	/System/Library/Frameworks/IOSurface.framework/Versions/A/IOSurface
0x00007fff7824f000 	/System/Library/Frameworks/AudioToolbox.framework/Versions/A/AudioToolbox
0x00007fff7845c000 	/System/Library/Frameworks/AudioUnit.framework/Versions/A/AudioUnit
0x00007fff854eb000 	/System/Library/PrivateFrameworks/DataDetectorsCore.framework/Versions/A/DataDetectorsCore
0x00007fff855dc000 	/System/Library/PrivateFrameworks/DesktopServicesPriv.framework/Versions/A/DesktopServicesPriv
0x00007fff789c1000 	/System/Library/Frameworks/Carbon.framework/Versions/A/Frameworks/HIToolbox.framework/Versions/A/HIToolbox
0x00007fff8dd7f000 	/usr/lib/libicucore.A.dylib
0x00007fff7efaf000 	/System/Library/Frameworks/QuartzCore.framework/Versions/A/QuartzCore
0x00007fff78d8d000 	/System/Library/Frameworks/Carbon.framework/Versions/A/Frameworks/SpeechRecognition.framework/Versions/A/SpeechRecognition
0x00007fff8d79e000 	/usr/lib/libauto.dylib
0x00007fff8ea18000 	/usr/lib/libxml2.2.dylib
0x00007fff85160000 	/System/Library/PrivateFrameworks/CoreUI.framework/Versions/A/CoreUI
0x00007fff78fbe000 	/System/Library/Frameworks/CoreAudio.framework/Versions/A/CoreAudio
0x00007fff7aceb000 	/System/Library/Frameworks/DiskArbitration.framework/Versions/A/DiskArbitration
0x00007fff8dfaa000 	/usr/lib/liblangid.dylib
0x00007fff88ff1000 	/System/Library/PrivateFrameworks/MultitouchSupport.framework/Versions/A/MultitouchSupport
0x00007fff7b3e9000 	/System/Library/Frameworks/IOKit.framework/Versions/A/IOKit
0x00007fff8d446000 	/usr/lib/libDiagnosticMessagesClient.dylib
0x00007fff7a2cf000 	/System/Library/Frameworks/CoreServices.framework/Versions/A/CoreServices
0x00007fff899ae000 	/System/Library/PrivateFrameworks/PerformanceAnalysis.framework/Versions/A/PerformanceAnalysis
0x00007fff8742e000 	/System/Library/PrivateFrameworks/GenerationalStorage.framework/Versions/A/GenerationalStorage
0x00007fff7e44f000 	/System/Library/Frameworks/OpenGL.framework/Versions/A/OpenGL
0x00007fff79f27000 	/System/Library/Frameworks/CoreImage.framework/Versions/A/CoreImage
0x00007fff7a9f8000 	/System/Library/Frameworks/CoreText.framework/Versions/A/CoreText
0x00007fff7b4d9000 	/System/Library/Frameworks/ImageIO.framework/Versions/A/ImageIO
0x00007fff82d1d000 	/System/Library/PrivateFrameworks/Backup.framework/Versions/A/Backup
0x00007fff8d6f2000 	/usr/lib/libarchive.2.dylib
0x00007fff785c5000 	/System/Library/Frameworks/CFNetwork.framework/Versions/A/CFNetwork
0x00007fff7fe46000 	/System/Library/Frameworks/SystemConfiguration.framework/Versions/A/SystemConfiguration
0x00007fff8d38d000 	/usr/lib/libCRFSuite.dylib
0x00007fff8d7bf000 	/usr/lib/libc++.1.dylib
0x00007fff8d816000 	/usr/lib/libc++abi.dylib
0x00007fff8eb52000 	/usr/lib/system/libcache.dylib
0x00007fff8eb57000 	/usr/lib/system/libcommonCrypto.dylib
0x00007fff8eb62000 	/usr/lib/system/libcompiler_rt.dylib
0x00007fff8eb6a000 	/usr/lib/system/libcopyfile.dylib
0x00007fff8eb73000 	/usr/lib/system/libcorecrypto.dylib
0x00007fff8ebf7000 	/usr/lib/system/libdispatch.dylib
0x00007fff8ec29000 	/usr/lib/system/libdyld.dylib
0x00007fff8ec2f000 	/usr/lib/system/libkeymgr.dylib
0x00007fff8ec3d000 	/usr/lib/system/liblaunch.dylib
0x00007fff8ec3e000 	/usr/lib/system/libmacho.dylib
0x00007fff8ec44000 	/usr/lib/system/libquarantine.dylib
0x00007fff8ec47000 	/usr/lib/system/libremovefile.dylib
0x00007fff8ec49000 	/usr/lib/system/libsystem_asl.dylib
0x00007fff8ec62000 	/usr/lib/system/libsystem_blocks.dylib
0x00007fff8ec63000 	/usr/lib/system/libsystem_c.dylib
0x00007fff8ecf1000 	/usr/lib/system/libsystem_configuration.dylib
0x00007fff8ecf5000 	/usr/lib/system/libsystem_coreservices.dylib
0x00007fff8ecf9000 	/usr/lib/system/libsystem_coretls.dylib
0x00007fff8ed12000 	/usr/lib/system/libsystem_dnssd.dylib
0x00007fff8ed19000 	/usr/lib/system/libsystem_info.dylib
0x00007fff8ed43000 	/usr/lib/system/libsystem_kernel.dylib
0x00007fff8ed66000 	/usr/lib/system/libsystem_m.dylib
0x00007fff8edae000 	/usr/lib/system/libsystem_malloc.dylib
0x00007fff8edcd000 	/usr/lib/system/libsystem_network.dylib
0x00007fff8ee27000 	/usr/lib/system/libsystem_networkextension.dylib
0x00007fff8ee31000 	/usr/lib/system/libsystem_notify.dylib
0x00007fff8ee3b000 	/usr/lib/system/libsystem_platform.dylib
0x00007fff8ee44000 	/usr/lib/system/libsystem_pthread.dylib
0x00007fff8ee4f000 	/usr/lib/system/libsystem_sandbox.dylib
0x00007fff8ee53000 	/usr/lib/system/libsystem_secinit.dylib
0x00007fff8ee55000 	/usr/lib/system/libsystem_symptoms.dylib
0x00007fff8ee5d000 	/usr/lib/system/libsystem_trace.dylib
0x00007fff8ee71000 	/usr/lib/system/libunwind.dylib
0x00007fff8ee77000 	/usr/lib/system/libxpc.dylib
0x00007fff8d79f000 	/usr/lib/libbsm.0.dylib
0x00007fff8ec30000 	/usr/lib/system/libkxld.dylib
0x00007fff8d868000 	/usr/lib/libcoretls.dylib
0x00007fff8d869000 	/usr/lib/libcoretls_cfhelpers.dylib
0x00007fff8d67f000 	/usr/lib/libOpenScriptingUtil.dylib
0x00007fff8e708000 	/usr/lib/libpam.2.dylib
0x00007fff8e7c7000 	/usr/lib/libsqlite3.dylib
0x00007fff8ea0a000 	/usr/lib/libxar.1.dylib
0x00007fff8d7b0000 	/usr/lib/libbz2.1.0.dylib
0x00007fff8dfac000 	/usr/lib/liblzma.5.dylib
0x00007fff8e2b8000 	/usr/lib/libnetwork.dylib
0x00007fff8e70d000 	/usr/lib/libpcap.A.dylib
0x00007fff7a632000 	/System/Library/Frameworks/CoreServices.framework/Versions/A/Frameworks/FSEvents.framework/Versions/A/FSEvents
0x00007fff7a322000 	/System/Library/Frameworks/CoreServices.framework/Versions/A/Frameworks/CarbonCore.framework/Versions/A/CarbonCore
0x00007fff7a7a8000 	/System/Library/Frameworks/CoreServices.framework/Versions/A/Frameworks/Metadata.framework/Versions/A/Metadata
0x00007fff7a859000 	/System/Library/Frameworks/CoreServices.framework/Versions/A/Frameworks/OSServices.framework/Versions/A/OSServices
0x00007fff7a8b9000 	/System/Library/Frameworks/CoreServices.framework/Versions/A/Frameworks/SearchKit.framework/Versions/A/SearchKit
0x00007fff7a2d0000 	/System/Library/Frameworks/CoreServices.framework/Versions/A/Frameworks/AE.framework/Versions/A/AE
0x00007fff7a63b000 	/System/Library/Frameworks/CoreServices.framework/Versions/A/Frameworks/LaunchServices.framework/Versions/A/LaunchServices
0x00007fff7a5fe000 	/System/Library/Frameworks/CoreServices.framework/Versions/A/Frameworks/DictionaryServices.framework/Versions/A/DictionaryServices
0x00007fff7a92a000 	/System/Library/Frameworks/CoreServices.framework/Versions/A/Frameworks/SharedFileList.framework/Versions/A/SharedFileList
0x00007fff7d673000 	/System/Library/Frameworks/NetFS.framework/Versions/A/NetFS
0x00007fff890cb000 	/System/Library/PrivateFrameworks/NetAuth.framework/Versions/A/NetAuth
0x00007fff8d336000 	/System/Library/PrivateFrameworks/login.framework/Versions/A/Frameworks/loginsupport.framework/Versions/A/loginsupport
0x00007fff8bf27000 	/System/Library/PrivateFrameworks/TCC.framework/Versions/A/TCC
0x00007fff8dfdd000 	/usr/lib/libmecabra.dylib
0x00007fff77d2c000 	/System/Library/Frameworks/ApplicationServices.framework/Versions/A/Frameworks/ATS.framework/Versions/A/ATS
0x00007fff780ac000 	/System/Library/Frameworks/ApplicationServices.framework/Versions/A/Frameworks/ColorSync.framework/Versions/A/ColorSync
0x00007fff78157000 	/System/Library/Frameworks/ApplicationServices.framework/Versions/A/Frameworks/HIServices.framework/Versions/A/HIServices
0x00007fff781a9000 	/System/Library/Frameworks/ApplicationServices.framework/Versions/A/Frameworks/LangAnalysis.framework/Versions/A/LangAnalysis
0x00007fff781b9000 	/System/Library/Frameworks/ApplicationServices.framework/Versions/A/Frameworks/PrintCore.framework/Versions/A/PrintCore
0x00007fff78207000 	/System/Library/Frameworks/ApplicationServices.framework/Versions/A/Frameworks/QD.framework/Versions/A/QD
0x00007fff78243000 	/System/Library/Frameworks/ApplicationServices.framework/Versions/A/Frameworks/SpeechSynthesis.framework/Versions/A/SpeechSynthesis
0x00007fff75f7b000 	/System/Library/Frameworks/Accelerate.framework/Versions/A/Frameworks/vImage.framework/Versions/A/vImage
0x00007fff76c81000 	/System/Library/Frameworks/Accelerate.framework/Versions/A/Frameworks/vecLib.framework/Versions/A/vecLib
0x00007fff76a46000 	/System/Library/Frameworks/Accelerate.framework/Versions/A/Frameworks/vecLib.framework/Versions/A/libvDSP.dylib
0x00007fff76607000 	/System/Library/Frameworks/Accelerate.framework/Versions/A/Frameworks/vecLib.framework/Versions/A/libBNNS.dylib
0x00007fff76a2a000 	/System/Library/Frameworks/Accelerate.framework/Versions/A/Frameworks/vecLib.framework/Versions/A/libQuadrature.dylib
0x00007fff76bce000 	/System/Library/Frameworks/Accelerate.framework/Versions/A/Frameworks/vecLib.framework/Versions/A/libvMisc.dylib
0x00007fff7661c000 	/System/Library/Frameworks/Accelerate.framework/Versions/A/Frameworks/vecLib.framework/Versions/A/libLAPACK.dylib
0x00007fff76495000 	/System/Library/Frameworks/Accelerate.framework/Versions/A/Frameworks/vecLib.framework/Versions/A/libBLAS.dylib
0x00007fff76a13000 	/System/Library/Frameworks/Accelerate.framework/Versions/A/Frameworks/vecLib.framework/Versions/A/libLinearAlgebra.dylib
0x00007fff76a31000 	/System/Library/Frameworks/Accelerate.framework/Versions/A/Frameworks/vecLib.framework/Versions/A/libSparseBLAS.dylib
0x00007fff77e34000 	/System/Library/Frameworks/ApplicationServices.framework/Versions/A/Frameworks/ATS.framework/Versions/A/Resources/libFontParser.dylib
0x00007fff77f64000 	/System/Library/Frameworks/ApplicationServices.framework/Versions/A/Frameworks/ATS.framework/Versions/A/Resources/libFontRegistry.dylib
0x00007fff7b730000 	/System/Library/Frameworks/ImageIO.framework/Versions/A/Resources/libJPEG.dylib
0x00007fff7b77f000 	/System/Library/Frameworks/ImageIO.framework/Versions/A/Resources/libTIFF.dylib
0x00007fff7b754000 	/System/Library/Frameworks/ImageIO.framework/Versions/A/Resources/libPng.dylib
0x00007fff7b63a000 	/System/Library/Frameworks/ImageIO.framework/Versions/A/Resources/libGIF.dylib
0x00007fff7b63f000 	/System/Library/Frameworks/ImageIO.framework/Versions/A/Resources/libJP2.dylib
0x00007fff7b77c000 	/System/Library/Frameworks/ImageIO.framework/Versions/A/Resources/libRadiance.dylib
0x00007fff8d851000 	/usr/lib/libcompression.dylib
0x00007fff8285f000 	/System/Library/PrivateFrameworks/AppleJPEG.framework/Versions/A/AppleJPEG
0x00007fff8dba6000 	/usr/lib/libcups.2.dylib
0x00007fff7c536000 	/System/Library/Frameworks/Kerberos.framework/Versions/A/Kerberos
0x00007fff7b254000 	/System/Library/Frameworks/GSS.framework/Versions/A/GSS
0x00007fff8e75b000 	/usr/lib/libresolv.9.dylib
0x00007fff8dc8c000 	/usr/lib/libiconv.2.dylib
0x00007fff87b5b000 	/System/Library/PrivateFrameworks/Heimdal.framework/Versions/A/Heimdal
0x00007fff8dc86000 	/usr/lib/libheimdal-asn1.dylib
0x00007fff7d8c4000 	/System/Library/Frameworks/OpenDirectory.framework/Versions/A/OpenDirectory
0x00007fff84372000 	/System/Library/PrivateFrameworks/CommonAuth.framework/Versions/A/CommonAuth
0x00007fff7d8aa000 	/System/Library/Frameworks/OpenDirectory.framework/Versions/A/Frameworks/CFOpenDirectory.framework/Versions/A/CFOpenDirectory
0x00007fff7fa1c000 	/System/Library/Frameworks/SecurityFoundation.framework/Versions/A/SecurityFoundation
0x00007fff88313000 	/System/Library/PrivateFrameworks/LanguageModeling.framework/Versions/A/LanguageModeling
0x00007fff8dfc6000 	/usr/lib/libmarisa.dylib
0x00007fff8d3a9000 	/usr/lib/libChineseTokenizer.dylib
0x00007fff8d840000 	/usr/lib/libcmph.dylib
0x00007fff84ac4000 	/System/Library/PrivateFrameworks/CoreEmoji.framework/Versions/A/CoreEmoji
0x00007fff7fabc000 	/System/Library/Frameworks/ServiceManagement.framework/Versions/A/ServiceManagement
0x00007fff8eb08000 	/usr/lib/libxslt.1.dylib
0x00007fff78cd5000 	/System/Library/Frameworks/Carbon.framework/Versions/A/Frameworks/Ink.framework/Versions/A/Ink
0x00007fff8bfb9000 	/System/Library/PrivateFrameworks/TextureIO.framework/Versions/A/TextureIO
0x00007fff7cd2f000 	/System/Library/Frameworks/Metal.framework/Versions/A/Metal
0x00007fff8d71e000 	/usr/lib/libate.dylib
0x00007fff8715d000 	/System/Library/PrivateFrameworks/GPUCompiler.framework/libmetal_timestamp.dylib
0x00007fff7d8d3000 	/System/Library/Frameworks/OpenGL.framework/Versions/A/Libraries/libCoreFSCache.dylib
0x00007fff881ec000 	/System/Library/PrivateFrameworks/IOAccelerator.framework/Versions/A/IOAccelerator
0x00007fff7ab46000 	/System/Library/Frameworks/CoreVideo.framework/Versions/A/CoreVideo
0x00007fff8d448000 	/usr/lib/libFosl_dynamic.dylib
0x00007fff88deb000 	/System/Library/PrivateFrameworks/MetalPerformanceShaders.framework/Versions/A/MetalPerformanceShaders
0x00007fff859d5000 	/System/Library/PrivateFrameworks/FaceCore.framework/Versions/A/FaceCore
0x00007fff7d85b000 	/System/Library/Frameworks/OpenCL.framework/Versions/A/OpenCL
0x00007fff7daa6000 	/System/Library/Frameworks/OpenGL.framework/Versions/A/Libraries/libGLU.dylib
0x00007fff7d8dc000 	/System/Library/Frameworks/OpenGL.framework/Versions/A/Libraries/libGFXShared.dylib
0x00007fff7d8e6000 	/System/Library/Frameworks/OpenGL.framework/Versions/A/Libraries/libGL.dylib
0x00007fff7d8f2000 	/System/Library/Frameworks/OpenGL.framework/Versions/A/Libraries/libGLImage.dylib
0x00007fff7d8d0000 	/System/Library/Frameworks/OpenGL.framework/Versions/A/Libraries/libCVMSPluginSupport.dylib
0x00007fff7d8d7000 	/System/Library/Frameworks/OpenGL.framework/Versions/A/Libraries/libCoreVMClient.dylib
0x00007fff85426000 	/System/Library/PrivateFrameworks/CrashReporterSupport.framework/Versions/A/CrashReporterSupport
0x00007fff8ae89000 	/System/Library/PrivateFrameworks/Sharing.framework/Versions/A/Sharing
0x00007fff8820a000 	/System/Library/PrivateFrameworks/IconServices.framework/Versions/A/IconServices
0x00007fff8a0d7000 	/System/Library/PrivateFrameworks/ProtocolBuffer.framework/Versions/A/ProtocolBuffer
0x00007fff82736000 	/System/Library/PrivateFrameworks/Apple80211.framework/Versions/A/Apple80211
0x00007fff7ab7c000 	/System/Library/Frameworks/CoreWLAN.framework/Versions/A/CoreWLAN
0x00007fff852a0000 	/System/Library/PrivateFrameworks/CoreUtils.framework/Versions/A/CoreUtils
0x00007fff7b345000 	/System/Library/Frameworks/IOBluetooth.framework/Versions/A/IOBluetooth
0x00007fff853c0000 	/System/Library/PrivateFrameworks/CoreWiFi.framework/Versions/A/CoreWiFi
0x00007fff7904c000 	/System/Library/Frameworks/CoreBluetooth.framework/Versions/A/CoreBluetooth
0x00007fff7935c000 	/System/Library/Frameworks/CoreDisplay.framework/Versions/A/CoreDisplay
0x00007fff881f5000 	/System/Library/PrivateFrameworks/IOPresentment.framework/Versions/A/IOPresentment
0x00007fff854b1000 	/System/Library/PrivateFrameworks/DSExternalDisplay.framework/Versions/A/DSExternalDisplay
0x00007fff8559c000 	/System/Library/PrivateFrameworks/DebugSymbols.framework/Versions/A/DebugSymbols
0x00007fff850d0000 	/System/Library/PrivateFrameworks/CoreSymbolication.framework/Versions/A/CoreSymbolication
0x00007fff8ba74000 	/System/Library/PrivateFrameworks/Symbolication.framework/Versions/A/Symbolication
0x00007fff82759000 	/System/Library/PrivateFrameworks/AppleFSCompression.framework/Versions/A/AppleFSCompression
0x00007fff8b37c000 	/System/Library/PrivateFrameworks/SpeechRecognitionCore.framework/Versions/A/SpeechRecognitionCore
0x00007fff83a26000 	/System/Library/PrivateFrameworks/ChunkingLibrary.framework/Versions/A/ChunkingLibrary
0x0000000103200000 	/Library/Java/JavaVirtualMachines/jdk-9.jdk/Contents/Home/lib/server/libjvm.dylib
0x00007fff8e971000 	/usr/lib/libstdc++.6.dylib
0x000000010284f000 	/Library/Java/JavaVirtualMachines/jdk-9.jdk/Contents/Home/lib/libverify.dylib
0x000000010285c000 	/Library/Java/JavaVirtualMachines/jdk-9.jdk/Contents/Home/lib/libjava.dylib
0x0000000102892000 	/Library/Java/JavaVirtualMachines/jdk-9.jdk/Contents/Home/lib/libinstrument.dylib
0x00000001028e7000 	/Library/Java/JavaVirtualMachines/jdk-9.jdk/Contents/Home/lib/libzip.dylib
0x00000001028ef000 	/Library/Java/JavaVirtualMachines/jdk-9.jdk/Contents/Home/lib/libjimage.dylib
0x000000010c153000 	/Library/Java/JavaVirtualMachines/jdk-9.jdk/Contents/Home/lib/libnio.dylib
0x000000010c163000 	/Library/Java/JavaVirtualMachines/jdk-9.jdk/Contents/Home/lib/./libnet.dylib
0x000000010c412000 	/Library/Java/JavaVirtualMachines/jdk-9.jdk/Contents/Home/lib/libprism_es2.dylib
0x000000010c46e000 	/System/Library/Frameworks/OpenGL.framework/Resources/GLEngine.bundle/GLEngine
0x00007fff7d92f000 	/System/Library/Frameworks/OpenGL.framework/Versions/A/Libraries/libGLProgrammability.dylib
0x0000000126848000 	/System/Library/Extensions/AppleIntelSKLGraphicsGLDriver.bundle/Contents/MacOS/AppleIntelSKLGraphicsGLDriver
0x00007fff8716a000 	/System/Library/PrivateFrameworks/GPUSupport.framework/Versions/A/Libraries/libGPUSupportMercury.dylib
0x000000010c657000 	/System/Library/Frameworks/OpenGL.framework/Resources//GLRendererFloat.bundle/GLRendererFloat
0x00007fff7d852000 	/System/Library/Frameworks/OpenCL.framework/Versions/A/Libraries/libcldcpuengine.dylib
0x00007fff8d924000 	/usr/lib/libcrypto.0.9.8.dylib
0x00007fff8c0f3000 	/System/Library/PrivateFrameworks/TrustEvaluationAgent.framework/Versions/A/TrustEvaluationAgent
0x000000010ca7a000 	/Library/Java/JavaVirtualMachines/jdk-9.jdk/Contents/Home/lib/libglass.dylib
0x00007fff84e0f000 	/System/Library/PrivateFrameworks/CoreServicesInternal.framework/Versions/A/CoreServicesInternal
0x00007fff740b7000 	/System/Library/CoreServices/RawCamera.bundle/Contents/MacOS/RawCamera
0x00007fff75f63000 	/System/Library/Frameworks/Accelerate.framework/Versions/A/Frameworks/vImage.framework/Versions/A/Libraries/libCGInterfaces.dylib
0x000000010caef000 	/Library/Java/JavaVirtualMachines/jdk-9.jdk/Contents/Home/lib/libjavafx_font.dylib
0x000000012bf28000 	/Library/Java/JavaVirtualMachines/jdk-9.jdk/Contents/Home/lib/libawt.dylib
0x000000012bfcd000 	/Library/Java/JavaVirtualMachines/jdk-9.jdk/Contents/Home/lib/./libmlib_image.dylib
0x000000012c03b000 	/System/Library/Frameworks/JavaVM.framework/Versions/A/Frameworks/JavaNativeFoundation.framework/Versions/A/JavaNativeFoundation
0x000000012c050000 	/System/Library/Frameworks/JavaVM.framework/Versions/A/Frameworks/JavaRuntimeSupport.framework/Versions/A/JavaRuntimeSupport
0x000000012c06a000 	/System/Library/Frameworks/JavaVM.framework/Versions/A/JavaVM
0x000000012c077000 	/System/Library/PrivateFrameworks/JavaLaunching.framework/Versions/A/JavaLaunching
0x00007fff789bc000 	/System/Library/Frameworks/Carbon.framework/Versions/A/Carbon
0x00007fff789bd000 	/System/Library/Frameworks/Carbon.framework/Versions/A/Frameworks/CommonPanels.framework/Versions/A/CommonPanels
0x00007fff78ccb000 	/System/Library/Frameworks/Carbon.framework/Versions/A/Frameworks/Help.framework/Versions/A/Help
0x00007fff78ccf000 	/System/Library/Frameworks/Carbon.framework/Versions/A/Frameworks/ImageCapture.framework/Versions/A/ImageCapture
0x00007fff78d6d000 	/System/Library/Frameworks/Carbon.framework/Versions/A/Frameworks/OpenScripting.framework/Versions/A/OpenScripting
0x00007fff78d88000 	/System/Library/Frameworks/Carbon.framework/Versions/A/Frameworks/Print.framework/Versions/A/Print
0x00007fff78d8a000 	/System/Library/Frameworks/Carbon.framework/Versions/A/Frameworks/SecurityHI.framework/Versions/A/SecurityHI
0x000000012c083000 	/Library/Java/JavaVirtualMachines/jdk-9.jdk/Contents/Home/lib/libawt_lwawt.dylib
0x000000012c143000 	/Library/Java/JavaVirtualMachines/jdk-9.jdk/Contents/Home/lib/./libosxapp.dylib
0x00007fff7ae7f000 	/System/Library/Frameworks/ExceptionHandling.framework/Versions/A/ExceptionHandling
0x000000012c15e000 	/Library/Java/JavaVirtualMachines/jdk-9.jdk/Contents/Home/lib/libfontmanager.dylib
0x00007fff7800c000 	/System/Library/Frameworks/ApplicationServices.framework/Versions/A/Frameworks/ATS.framework/Versions/A/Resources/libTrueTypeScaler.dylib
0x0000000130dcf000 	/System/Library/Extensions/AppleIntelSKLGraphicsMTLDriver.bundle/Contents/MacOS/AppleIntelSKLGraphicsMTLDriver
0x000000012c5bd000 	/Library/Java/JavaVirtualMachines/jdk-9.jdk/Contents/Home/lib/libprism_common.dylib
0x00007fff8cd54000 	/System/Library/PrivateFrameworks/ViewBridge.framework/Versions/A/ViewBridge
0x00007fff8d25f000 	/System/Library/PrivateFrameworks/XPCService.framework/Versions/A/XPCService
0x00007fff82728000 	/System/Library/PrivateFrameworks/AppSandbox.framework/Versions/A/AppSandbox
0x00007fff8e778000 	/usr/lib/libsandbox.1.dylib
0x00007fff8270c000 	/System/Library/PrivateFrameworks/AppContainer.framework/Versions/A/AppContainer
0x00007fff8adf7000 	/System/Library/PrivateFrameworks/SecCodeWrapper.framework/Versions/A/SecCodeWrapper
0x00007fff8d677000 	/usr/lib/libMatch.1.dylib
0x00000001309c5000 	/Library/Java/JavaVirtualMachines/jdk-9.jdk/Contents/Home/lib/libosxui.dylib

VM Arguments:
jvm_args: -javaagent:/Applications/IntelliJ IDEA.app/Contents/lib/idea_rt.jar=52358:/Applications/IntelliJ IDEA.app/Contents/bin -Dfile.encoding=UTF-8 
java_command: com.neet.MapViewer.Main.MapMain
java_class_path (initial): /Users/jovichowchuqi/Desktop/Problematic/SM-CW2/bin:/Users/jovichowchuqi/Desktop/Problematic/SM-CW2/Libs/jl1.0.1.jar:/Users/jovichowchuqi/Desktop/Problematic/SM-CW2/Libs/mp3spi1.9.5.jar:/Users/jovichowchuqi/Desktop/Problematic/SM-CW2/Libs/tritonus_share.jar
Launcher Type: SUN_STANDARD

Logging:
Log output configuration:
#0: stdout all=warning uptime,level,tags
#1: stderr all=off uptime,level,tags

Environment Variables:
PATH=/usr/local/bin:/usr/bin:/bin:/usr/sbin:/sbin:/Users/jovichowchuqi/Desktop/nand2tetris/tools
SHELL=/bin/bash

Signal Handlers:
SIGSEGV: [libjvm.dylib+0x73ea4c], sa_mask[0]=11111111011111110111111111111111, sa_flags=SA_ONSTACK|SA_RESTART|SA_SIGINFO
SIGBUS: [libjvm.dylib+0x73ea4c], sa_mask[0]=11111111011111110111111111111111, sa_flags=SA_RESTART|SA_SIGINFO
SIGFPE: [libjvm.dylib+0x73ea4c], sa_mask[0]=11111111011111110111111111111111, sa_flags=SA_RESTART|SA_SIGINFO
SIGPIPE: [libjvm.dylib+0x5f1d1c], sa_mask[0]=11111111011111110111111111111111, sa_flags=SA_RESTART|SA_SIGINFO
SIGXFSZ: [libjvm.dylib+0x5f1d1c], sa_mask[0]=11111111011111110111111111111111, sa_flags=SA_RESTART|SA_SIGINFO
SIGILL: [libjvm.dylib+0x73ea4c], sa_mask[0]=11111111011111110111111111111111, sa_flags=SA_RESTART|SA_SIGINFO
SIGUSR2: [libjvm.dylib+0x5f25ac], sa_mask[0]=00100000000000000000000000000000, sa_flags=SA_RESTART|SA_SIGINFO
SIGHUP: [libjvm.dylib+0x5f0de9], sa_mask[0]=11111111011111110111111111111111, sa_flags=SA_RESTART|SA_SIGINFO
SIGINT: [libjvm.dylib+0x5f0de9], sa_mask[0]=11111111011111110111111111111111, sa_flags=SA_RESTART|SA_SIGINFO
SIGTERM: [libjvm.dylib+0x5f0de9], sa_mask[0]=11111111011111110111111111111111, sa_flags=SA_RESTART|SA_SIGINFO
SIGQUIT: [libjvm.dylib+0x5f0de9], sa_mask[0]=11111111011111110111111111111111, sa_flags=SA_RESTART|SA_SIGINFO


---------------  S Y S T E M  ---------------

OS:uname:Darwin 16.7.0 Darwin Kernel Version 16.7.0: Wed Oct 10 20:06:00 PDT 2018; root:xnu-3789.73.24~1/RELEASE_X86_64 x86_64
rlimit: STACK 8192k, CORE 0k, NPROC 709, NOFILE 10240, AS infinity
load average:2.08 2.29 2.29

CPU:total 4 (initial active 4) (2 cores per cpu, 2 threads per core) family 6 model 78 stepping 3, cmov, cx8, fxsr, mmx, sse, sse2, sse3, ssse3, sse4.1, sse4.2, popcnt, avx, avx2, aes, clmul, erms, rtm, 3dnowpref, lzcnt, ht, tsc, tscinvbit, bmi1, bmi2, adx, fma

Memory: 4k page, physical 8388608k(50248k free)

vm_info: Java HotSpot(TM) 64-Bit Server VM (9+181) for bsd-amd64 JRE (9+181), built on Aug  2 2017 21:10:28 by "javare" with gcc 4.2.1 Compatible Apple LLVM 6.1.0 (clang-602.0.49)

END.
